<?xml version="1.0" encoding="UTF-8"?>
<testng-results skipped="0" failed="0" ignored="0" total="4" passed="4">
  <reporter-output>
  </reporter-output>
  <suite name="Suite" duration-ms="93915" started-at="2018-09-13T16:08:34Z" finished-at="2018-09-13T16:10:08Z">
    <groups>
    </groups>
    <test name="Test" duration-ms="93915" started-at="2018-09-13T16:08:34Z" finished-at="2018-09-13T16:10:08Z">
      <class name="Scripts.SignUpTest.SignUp">
        <test-method status="PASS" signature="setup()[pri:0, instance:Scripts.SignUpTest.SignUp@548e7350]" name="setup" is-config="true" duration-ms="15732" started-at="2018-09-13T21:39:13Z" finished-at="2018-09-13T21:39:29Z">
          <reporter-output>
          </reporter-output>
        </test-method> <!-- setup -->
        <test-method status="PASS" signature="Test_001()[pri:0, instance:Scripts.SignUpTest.SignUp@548e7350]" name="Test_001" duration-ms="11074" started-at="2018-09-13T21:39:29Z" finished-at="2018-09-13T21:39:40Z">
          <reporter-output>
          </reporter-output>
        </test-method> <!-- Test_001 -->
        <test-method status="PASS" signature="cleanup()[pri:0, instance:Scripts.SignUpTest.SignUp@548e7350]" name="cleanup" is-config="true" duration-ms="876" started-at="2018-09-13T21:39:40Z" finished-at="2018-09-13T21:39:41Z">
          <reporter-output>
          </reporter-output>
        </test-method> <!-- cleanup -->
        <test-method status="PASS" signature="setup()[pri:0, instance:Scripts.SignUpTest.SignUp@548e7350]" name="setup" is-config="true" duration-ms="15517" started-at="2018-09-13T21:39:41Z" finished-at="2018-09-13T21:39:56Z">
          <reporter-output>
          </reporter-output>
        </test-method> <!-- setup -->
        <test-method status="PASS" signature="Test_002()[pri:0, instance:Scripts.SignUpTest.SignUp@548e7350]" name="Test_002" duration-ms="11011" started-at="2018-09-13T21:39:56Z" finished-at="2018-09-13T21:40:07Z">
          <reporter-output>
          </reporter-output>
        </test-method> <!-- Test_002 -->
        <test-method status="PASS" signature="cleanup()[pri:0, instance:Scripts.SignUpTest.SignUp@548e7350]" name="cleanup" is-config="true" duration-ms="904" started-at="2018-09-13T21:40:07Z" finished-at="2018-09-13T21:40:08Z">
          <reporter-output>
          </reporter-output>
        </test-method> <!-- cleanup -->
      </class> <!-- Scripts.SignUpTest.SignUp -->
      <class name="Scripts.LoginTest.Login">
        <test-method status="PASS" signature="setup()[pri:0, instance:Scripts.LoginTest.Login@5442a311]" name="setup" is-config="true" duration-ms="18398" started-at="2018-09-13T21:38:34Z" finished-at="2018-09-13T21:38:53Z">
          <reporter-output>
          </reporter-output>
        </test-method> <!-- setup -->
        <test-method status="PASS" signature="Test_001()[pri:0, instance:Scripts.LoginTest.Login@5442a311]" name="Test_001" duration-ms="2450" started-at="2018-09-13T21:38:53Z" finished-at="2018-09-13T21:38:55Z">
          <reporter-output>
          </reporter-output>
        </test-method> <!-- Test_001 -->
        <test-method status="PASS" signature="cleanup()[pri:0, instance:Scripts.LoginTest.Login@5442a311]" name="cleanup" is-config="true" duration-ms="824" started-at="2018-09-13T21:38:55Z" finished-at="2018-09-13T21:38:56Z">
          <reporter-output>
          </reporter-output>
        </test-method> <!-- cleanup -->
        <test-method status="PASS" signature="setup()[pri:0, instance:Scripts.LoginTest.Login@5442a311]" name="setup" is-config="true" duration-ms="13871" started-at="2018-09-13T21:38:56Z" finished-at="2018-09-13T21:39:10Z">
          <reporter-output>
          </reporter-output>
        </test-method> <!-- setup -->
        <test-method status="PASS" signature="Test_002()[pri:0, instance:Scripts.LoginTest.Login@5442a311]" name="Test_002" duration-ms="2373" started-at="2018-09-13T21:39:10Z" finished-at="2018-09-13T21:39:12Z">
          <reporter-output>
          </reporter-output>
        </test-method> <!-- Test_002 -->
        <test-method status="PASS" signature="cleanup()[pri:0, instance:Scripts.LoginTest.Login@5442a311]" name="cleanup" is-config="true" duration-ms="854" started-at="2018-09-13T21:39:12Z" finished-at="2018-09-13T21:39:13Z">
          <reporter-output>
          </reporter-output>
        </test-method> <!-- cleanup -->
      </class> <!-- Scripts.LoginTest.Login -->
    </test> <!-- Test -->
  </suite> <!-- Suite -->
</testng-results>
