<?xml version="1.0" encoding="UTF-8"?>
<!-- Generated by org.testng.reporters.JUnitXMLReporter -->
<testsuite hostname="PUNITP135360L" ignored="0" name="Test" tests="4" failures="0" timestamp="13 Sep 2018 16:10:08 GMT" time="93.915" errors="0">
  <testcase name="Test_001" time="2.45" classname="Scripts.LoginTest.Login"/>
  <testcase name="Test_002" time="2.373" classname="Scripts.LoginTest.Login"/>
  <testcase name="Test_001" time="11.074" classname="Scripts.SignUpTest.SignUp"/>
  <testcase name="Test_002" time="11.011" classname="Scripts.SignUpTest.SignUp"/>
</testsuite> <!-- Test -->
